<!DOCTYPE html PUBLIC "-//W3C//DTD XHTML 1.1//EN" "http://www.w3.org/TR/xhtml11/DTD/xhtml11.dtd">
<html xmlns="http://www.w3.org/1999/xhtml"><head><title>TestNG Report</title><style type="text/css">table {margin-bottom:10px;border-collapse:collapse;empty-cells:show}th,td {border:1px solid #009;padding:.25em .5em}th {vertical-align:bottom}td {vertical-align:top}table a {font-weight:bold}.stripe td {background-color: #E6EBF9}.num {text-align:right}.passedodd td {background-color: #3F3}.passedeven td {background-color: #0A0}.skippedodd td {background-color: #DDD}.skippedeven td {background-color: #CCC}.failedodd td,.attn {background-color: #F33}.failedeven td,.stripe .attn {background-color: #D00}.stacktrace {white-space:pre;font-family:monospace}.totop {font-size:85%;text-align:center;border-bottom:2px solid #000}</style></head><body><table><tr><th>Test</th><th># Passed</th><th># Skipped</th><th># Failed</th><th>Time (ms)</th><th>Included Groups</th><th>Excluded Groups</th></tr><tr><th colspan="7">Suite1</th></tr><tr><td><a href="#t0">TestA1</a></td><td class="num">2</td><td class="num">0</td><td class="num">0</td><td class="num">1,270</td><td></td><td></td></tr><tr class="stripe"><td><a href="#t1">TestA2</a></td><td class="num">3</td><td class="num attn">2</td><td class="num">0</td><td class="num">627</td><td></td><td></td></tr><tr><td><a href="#t2">TestA3</a></td><td class="num">0</td><td class="num attn">4</td><td class="num">0</td><td class="num">316</td><td></td><td></td></tr><tr><th>Total</th><th class="num">5</th><th class="num attn">6</th><th class="num">0</th><th class="num">2,213</th><th colspan="2"></th></tr></table><table><thead><tr><th>Class</th><th>Method</th><th>Start</th><th>Time (ms)</th></tr></thead><tbody><tr><th colspan="4">Suite1</th></tr></tbody><tbody id="t0"><tr><th colspan="4">TestA1 &#8212; passed</th></tr><tr class="passedeven"><td rowspan="2">suite1.TestA1</td><td><a href="#m0">testA1</a></td><td rowspan="2">1475249478846</td><td rowspan="2">134</td></tr><tr class="passedeven"><td><a href="#m1">testA1</a></td></tr></tbody><tbody id="t1"><tr><th colspan="4">TestA2 &#8212; skipped</th></tr><tr class="skippedeven"><td rowspan="2">suite1.TestA2</td><td><a href="#m2">testA2</a></td><td rowspan="2">1475249479514</td><td rowspan="2">109</td></tr><tr class="skippedeven"><td><a href="#m3">testA2</a></td></tr><tr><th colspan="4">TestA2 &#8212; passed</th></tr><tr class="passedeven"><td rowspan="3">suite1.TestA2</td><td><a href="#m4">testA2</a></td><td rowspan="3">1475249479223</td><td rowspan="3">97</td></tr><tr class="passedeven"><td><a href="#m5">testA2</a></td></tr><tr class="passedeven"><td><a href="#m6">testA2</a></td></tr></tbody><tbody id="t2"><tr><th colspan="4">TestA3 &#8212; skipped</th></tr><tr class="skippedeven"><td rowspan="4">suite1.TestA3</td><td><a href="#m7">testA3</a></td><td rowspan="4">1475249480119</td><td rowspan="4">61</td></tr><tr class="skippedeven"><td><a href="#m8">testA3</a></td></tr><tr class="skippedeven"><td><a href="#m9">testA3</a></td></tr><tr class="skippedeven"><td><a href="#m10">testA3</a></td></tr></tbody></table><h2>TestA1</h2><h3 id="m0">suite1.TestA1#testA1</h3><table class="result"><tr class="param"><th>Parameter #1</th></tr><tr class="param stripe"><td>{RunMode=y, TestData=Login1, Iteration=1.0, Browser=Chrome}</td></tr></table><p class="totop"><a href="#summary">back to summary</a></p><h3 id="m1">suite1.TestA1#testA1</h3><table class="result"><tr class="param"><th>Parameter #1</th></tr><tr class="param stripe"><td>{RunMode=y, TestData=Login2, Iteration=2.0, Browser=Firefox}</td></tr></table><p class="totop"><a href="#summary">back to summary</a></p><h2>TestA2</h2><h3 id="m2">suite1.TestA2#testA2</h3><table class="result"><tr class="param"><th>Parameter #1</th></tr><tr class="param stripe"><td>{RunMode=n, TestData=SingUp4, Iteration=4.0, Browser=Firefox}</td></tr><tr><th>Exception</th></tr><tr><td><div class="stacktrace">org.testng.SkipException: Skipping the Test: TestA2 as the Runmode of Test Data is NO
	at Utility.CommonUtils.checkExecution(CommonUtils.java:30)
	at suite1.TestA2.testA2(TestA2.java:21)
... Removed 24 stack frames</div></td></tr></table><p class="totop"><a href="#summary">back to summary</a></p><h3 id="m3">suite1.TestA2#testA2</h3><table class="result"><tr class="param"><th>Parameter #1</th></tr><tr class="param stripe"><td>{RunMode=n, TestData=SingUp5, Iteration=5.0, Browser=Chrome}</td></tr><tr><th>Exception</th></tr><tr><td><div class="stacktrace">org.testng.SkipException: Skipping the Test: TestA2 as the Runmode of Test Data is NO
	at Utility.CommonUtils.checkExecution(CommonUtils.java:30)
	at suite1.TestA2.testA2(TestA2.java:21)
... Removed 24 stack frames</div></td></tr></table><p class="totop"><a href="#summary">back to summary</a></p><h3 id="m4">suite1.TestA2#testA2</h3><table class="result"><tr class="param"><th>Parameter #1</th></tr><tr class="param stripe"><td>{RunMode=y, TestData=SingUp1, Iteration=1.0, Browser=Firefox}</td></tr></table><p class="totop"><a href="#summary">back to summary</a></p><h3 id="m5">suite1.TestA2#testA2</h3><table class="result"><tr class="param"><th>Parameter #1</th></tr><tr class="param stripe"><td>{RunMode=y, TestData=SingUp2, Iteration=2.0, Browser=Firefox}</td></tr></table><p class="totop"><a href="#summary">back to summary</a></p><h3 id="m6">suite1.TestA2#testA2</h3><table class="result"><tr class="param"><th>Parameter #1</th></tr><tr class="param stripe"><td>{RunMode=y, TestData=SingUp3, Iteration=3.0, Browser=Firefox}</td></tr></table><p class="totop"><a href="#summary">back to summary</a></p><h2>TestA3</h2><h3 id="m7">suite1.TestA3#testA3</h3><table class="result"><tr class="param"><th>Parameter #1</th></tr><tr class="param stripe"><td>{RunMode=y, TestData=UserReg4, Iteration=4.0, Browser=Chrome}</td></tr><tr><th>Exception</th></tr><tr><td><div class="stacktrace">org.testng.SkipException: Skipping the Test: TestA3 as the Runmode of Test is NO
	at Utility.CommonUtils.checkExecution(CommonUtils.java:25)
	at suite1.TestA3.testA3(TestA3.java:22)
... Removed 24 stack frames</div></td></tr></table><p class="totop"><a href="#summary">back to summary</a></p><h3 id="m8">suite1.TestA3#testA3</h3><table class="result"><tr class="param"><th>Parameter #1</th></tr><tr class="param stripe"><td>{RunMode=n, TestData=UserReg1, Iteration=1.0, Browser=Firefox}</td></tr><tr><th>Exception</th></tr><tr><td><div class="stacktrace">org.testng.SkipException: Skipping the Test: TestA3 as the Runmode of Test is NO
	at Utility.CommonUtils.checkExecution(CommonUtils.java:25)
	at suite1.TestA3.testA3(TestA3.java:22)
... Removed 24 stack frames</div></td></tr></table><p class="totop"><a href="#summary">back to summary</a></p><h3 id="m9">suite1.TestA3#testA3</h3><table class="result"><tr class="param"><th>Parameter #1</th></tr><tr class="param stripe"><td>{RunMode=n, TestData=UserReg2, Iteration=2.0, Browser=Firefox}</td></tr><tr><th>Exception</th></tr><tr><td><div class="stacktrace">org.testng.SkipException: Skipping the Test: TestA3 as the Runmode of Test is NO
	at Utility.CommonUtils.checkExecution(CommonUtils.java:25)
	at suite1.TestA3.testA3(TestA3.java:22)
... Removed 24 stack frames</div></td></tr></table><p class="totop"><a href="#summary">back to summary</a></p><h3 id="m10">suite1.TestA3#testA3</h3><table class="result"><tr class="param"><th>Parameter #1</th></tr><tr class="param stripe"><td>{RunMode=y, TestData=UserReg3, Iteration=3.0, Browser=Firefox}</td></tr><tr><th>Exception</th></tr><tr><td><div class="stacktrace">org.testng.SkipException: Skipping the Test: TestA3 as the Runmode of Test is NO
	at Utility.CommonUtils.checkExecution(CommonUtils.java:25)
	at suite1.TestA3.testA3(TestA3.java:22)
... Removed 24 stack frames</div></td></tr></table><p class="totop"><a href="#summary">back to summary</a></p></body></html>